2025-05-12 01:55:30,097 - scraper.core.scraper - INFO - Saved new post: Yesterday Post
2025-05-12 01:55:30,107 - scraper.core.scraper - INFO - Saved new post: Two Days Ago Post
2025-05-12 01:55:33,967 - scraper.core.scraper - INFO - Saved new post: Test Post
2025-05-12 01:55:43,174 - scraper.core.scraper - ERROR - Error fetching page https://example.com/post: 404 Client Error: Not Found for url: https://example.com/post
2025-05-12 01:57:45,952 - scraper.core.scraper - ERROR - Error getting next page URL: Invalid character '/' position 0
  line 1:
/html/body/div[1]/nav[2]/ul/li[1]/a
^
2025-05-12 02:20:38,316 - scraper.core.scraper - ERROR - Error fetching page https://onejav.com/torrent/parathd4194: ('Connection aborted.', ConnectionResetError(10054, '현재 연결은 원격 호스트에 의해 강제로 끊겼습니다', None, 10054, None))
2025-05-12 02:32:13,482 - scraper.core.scraper - ERROR - Error fetching page /torrent/parathd4194: Invalid URL '/torrent/parathd4194': No scheme supplied. Perhaps you meant https:///torrent/parathd4194?
2025-05-12 02:32:13,483 - scraper.core.scraper - ERROR - Error fetching page /torrent/fc2ppv4681411: Invalid URL '/torrent/fc2ppv4681411': No scheme supplied. Perhaps you meant https:///torrent/fc2ppv4681411?
2025-05-12 02:32:13,484 - scraper.core.scraper - ERROR - Error fetching page /torrent/waaa501: Invalid URL '/torrent/waaa501': No scheme supplied. Perhaps you meant https:///torrent/waaa501?
2025-05-12 02:32:13,485 - scraper.core.scraper - ERROR - Error fetching page /torrent/mimk208: Invalid URL '/torrent/mimk208': No scheme supplied. Perhaps you meant https:///torrent/mimk208?
2025-05-12 02:32:13,486 - scraper.core.scraper - ERROR - Error fetching page /torrent/fc2ppv4683146: Invalid URL '/torrent/fc2ppv4683146': No scheme supplied. Perhaps you meant https:///torrent/fc2ppv4683146?
2025-05-12 02:32:13,487 - scraper.core.scraper - ERROR - Error fetching page /torrent/start306: Invalid URL '/torrent/start306': No scheme supplied. Perhaps you meant https:///torrent/start306?
2025-05-12 02:32:13,488 - scraper.core.scraper - ERROR - Error fetching page /torrent/fc2ppv4684322: Invalid URL '/torrent/fc2ppv4684322': No scheme supplied. Perhaps you meant https:///torrent/fc2ppv4684322?
2025-05-12 02:32:13,488 - scraper.core.scraper - ERROR - Error fetching page /torrent/sone669: Invalid URL '/torrent/sone669': No scheme supplied. Perhaps you meant https:///torrent/sone669?
2025-05-12 02:32:13,489 - scraper.core.scraper - ERROR - Error fetching page /torrent/326scp034: Invalid URL '/torrent/326scp034': No scheme supplied. Perhaps you meant https:///torrent/326scp034?
2025-05-12 02:32:13,490 - scraper.core.scraper - ERROR - Error fetching page /torrent/mida143: Invalid URL '/torrent/mida143': No scheme supplied. Perhaps you meant https:///torrent/mida143?
2025-05-12 02:32:13,491 - scraper.core.scraper - ERROR - Error fetching page /torrent/326scp034: Invalid URL '/torrent/326scp034': No scheme supplied. Perhaps you meant https:///torrent/326scp034?
2025-05-12 02:32:13,492 - scraper.core.scraper - ERROR - Error fetching page /torrent/229scute1506: Invalid URL '/torrent/229scute1506': No scheme supplied. Perhaps you meant https:///torrent/229scute1506?
2025-05-12 02:32:13,492 - scraper.core.scraper - ERROR - Error fetching page /torrent/ofje511: Invalid URL '/torrent/ofje511': No scheme supplied. Perhaps you meant https:///torrent/ofje511?
2025-05-12 02:32:13,493 - scraper.core.scraper - ERROR - Error fetching page /torrent/heyzo3584: Invalid URL '/torrent/heyzo3584': No scheme supplied. Perhaps you meant https:///torrent/heyzo3584?
2025-05-12 02:32:13,494 - scraper.core.scraper - ERROR - Error fetching page /torrent/parathd4194: Invalid URL '/torrent/parathd4194': No scheme supplied. Perhaps you meant https:///torrent/parathd4194?
2025-05-12 02:32:13,494 - scraper.core.scraper - ERROR - Error fetching page /torrent/parathd4200: Invalid URL '/torrent/parathd4200': No scheme supplied. Perhaps you meant https:///torrent/parathd4200?
2025-05-12 02:32:13,495 - scraper.core.scraper - ERROR - Error fetching page /torrent/parathd4193: Invalid URL '/torrent/parathd4193': No scheme supplied. Perhaps you meant https:///torrent/parathd4193?
2025-05-12 02:32:13,496 - scraper.core.scraper - ERROR - Error fetching page /torrent/fc2ppv4684249: Invalid URL '/torrent/fc2ppv4684249': No scheme supplied. Perhaps you meant https:///torrent/fc2ppv4684249?
2025-05-12 02:32:13,496 - scraper.core.scraper - ERROR - Error fetching page /torrent/fc2ppv4684406: Invalid URL '/torrent/fc2ppv4684406': No scheme supplied. Perhaps you meant https:///torrent/fc2ppv4684406?
2025-05-12 02:32:13,497 - scraper.core.scraper - ERROR - Error fetching page /torrent/fc2ppv4684278: Invalid URL '/torrent/fc2ppv4684278': No scheme supplied. Perhaps you meant https:///torrent/fc2ppv4684278?
2025-05-12 02:32:13,498 - scraper.core.scraper - ERROR - Error fetching page /torrent/fc2ppv4683447: Invalid URL '/torrent/fc2ppv4683447': No scheme supplied. Perhaps you meant https:///torrent/fc2ppv4683447?
2025-05-12 02:32:13,498 - scraper.core.scraper - ERROR - Error fetching page /torrent/fc2ppv4684202: Invalid URL '/torrent/fc2ppv4684202': No scheme supplied. Perhaps you meant https:///torrent/fc2ppv4684202?
2025-05-12 02:32:13,499 - scraper.core.scraper - ERROR - Error fetching page /torrent/fc2ppv4680599: Invalid URL '/torrent/fc2ppv4680599': No scheme supplied. Perhaps you meant https:///torrent/fc2ppv4680599?
2025-05-12 02:32:13,500 - scraper.core.scraper - ERROR - Error fetching page /torrent/fc2ppv4681411: Invalid URL '/torrent/fc2ppv4681411': No scheme supplied. Perhaps you meant https:///torrent/fc2ppv4681411?
2025-05-12 02:32:13,501 - scraper.core.scraper - ERROR - Error fetching page /torrent/fc2ppv4683131: Invalid URL '/torrent/fc2ppv4683131': No scheme supplied. Perhaps you meant https:///torrent/fc2ppv4683131?
2025-05-12 02:32:13,502 - scraper.core.scraper - ERROR - Error fetching page /torrent/fc2ppv4683146: Invalid URL '/torrent/fc2ppv4683146': No scheme supplied. Perhaps you meant https:///torrent/fc2ppv4683146?
2025-05-12 02:32:13,503 - scraper.core.scraper - ERROR - Error fetching page /torrent/fc2ppv4684322: Invalid URL '/torrent/fc2ppv4684322': No scheme supplied. Perhaps you meant https:///torrent/fc2ppv4684322?
2025-05-12 02:32:13,503 - scraper.core.scraper - ERROR - Error fetching page /torrent/300mium1194: Invalid URL '/torrent/300mium1194': No scheme supplied. Perhaps you meant https:///torrent/300mium1194?
2025-05-12 02:32:13,504 - scraper.core.scraper - ERROR - Error fetching page /torrent/786sna039: Invalid URL '/torrent/786sna039': No scheme supplied. Perhaps you meant https:///torrent/786sna039?
2025-05-12 02:32:13,505 - scraper.core.scraper - ERROR - Error fetching page /torrent/mkmp636: Invalid URL '/torrent/mkmp636': No scheme supplied. Perhaps you meant https:///torrent/mkmp636?
2025-05-12 02:32:13,506 - scraper.core.scraper - ERROR - Error fetching page /torrent/229scute1502: Invalid URL '/torrent/229scute1502': No scheme supplied. Perhaps you meant https:///torrent/229scute1502?
2025-05-12 02:32:13,506 - scraper.core.scraper - ERROR - Error fetching page /torrent/knip006: Invalid URL '/torrent/knip006': No scheme supplied. Perhaps you meant https:///torrent/knip006?
2025-05-12 02:32:13,507 - scraper.core.scraper - ERROR - Error fetching page /torrent/dvaj693: Invalid URL '/torrent/dvaj693': No scheme supplied. Perhaps you meant https:///torrent/dvaj693?
2025-05-12 02:32:13,508 - scraper.core.scraper - ERROR - Error fetching page /torrent/326rav017: Invalid URL '/torrent/326rav017': No scheme supplied. Perhaps you meant https:///torrent/326rav017?
2025-05-12 02:32:13,508 - scraper.core.scraper - ERROR - Error fetching page /torrent/ankb036: Invalid URL '/torrent/ankb036': No scheme supplied. Perhaps you meant https:///torrent/ankb036?
2025-05-12 02:32:13,509 - scraper.core.scraper - ERROR - Error fetching page /torrent/259luxu1837: Invalid URL '/torrent/259luxu1837': No scheme supplied. Perhaps you meant https:///torrent/259luxu1837?
2025-05-12 02:32:13,510 - scraper.core.scraper - ERROR - Error fetching page /torrent/758refuck149: Invalid URL '/torrent/758refuck149': No scheme supplied. Perhaps you meant https:///torrent/758refuck149?
2025-05-12 02:32:13,510 - scraper.core.scraper - ERROR - Error fetching page /torrent/fc2ppv4682594: Invalid URL '/torrent/fc2ppv4682594': No scheme supplied. Perhaps you meant https:///torrent/fc2ppv4682594?
2025-05-12 02:32:13,511 - scraper.core.scraper - ERROR - Error fetching page /torrent/fc2ppv4681481: Invalid URL '/torrent/fc2ppv4681481': No scheme supplied. Perhaps you meant https:///torrent/fc2ppv4681481?
2025-05-12 02:32:13,512 - scraper.core.scraper - ERROR - Error fetching page /torrent/fc2ppv4681514: Invalid URL '/torrent/fc2ppv4681514': No scheme supplied. Perhaps you meant https:///torrent/fc2ppv4681514?
2025-05-12 02:32:13,512 - scraper.core.scraper - ERROR - Error fetching page /torrent/fc2ppv4680564: Invalid URL '/torrent/fc2ppv4680564': No scheme supplied. Perhaps you meant https:///torrent/fc2ppv4680564?
2025-05-12 02:32:13,513 - scraper.core.scraper - ERROR - Error fetching page /torrent/fc2ppv4678416: Invalid URL '/torrent/fc2ppv4678416': No scheme supplied. Perhaps you meant https:///torrent/fc2ppv4678416?
2025-05-12 02:32:13,513 - scraper.core.scraper - ERROR - Error fetching page /torrent/fc2ppv4677085: Invalid URL '/torrent/fc2ppv4677085': No scheme supplied. Perhaps you meant https:///torrent/fc2ppv4677085?
2025-05-12 02:32:13,514 - scraper.core.scraper - ERROR - Error fetching page /torrent/fc2ppv4684145: Invalid URL '/torrent/fc2ppv4684145': No scheme supplied. Perhaps you meant https:///torrent/fc2ppv4684145?
2025-05-12 02:32:13,515 - scraper.core.scraper - ERROR - Error fetching page /torrent/fc2ppv4683156: Invalid URL '/torrent/fc2ppv4683156': No scheme supplied. Perhaps you meant https:///torrent/fc2ppv4683156?
2025-05-12 02:32:13,515 - scraper.core.scraper - ERROR - Error fetching page /torrent/fc2ppv4683153: Invalid URL '/torrent/fc2ppv4683153': No scheme supplied. Perhaps you meant https:///torrent/fc2ppv4683153?
2025-05-12 02:32:13,516 - scraper.core.scraper - ERROR - Error fetching page /torrent/fc2ppv4683372: Invalid URL '/torrent/fc2ppv4683372': No scheme supplied. Perhaps you meant https:///torrent/fc2ppv4683372?
2025-05-12 02:32:13,517 - scraper.core.scraper - ERROR - Error fetching page /torrent/sone682: Invalid URL '/torrent/sone682': No scheme supplied. Perhaps you meant https:///torrent/sone682?
2025-05-12 02:32:13,517 - scraper.core.scraper - ERROR - Error fetching page /torrent/sone655: Invalid URL '/torrent/sone655': No scheme supplied. Perhaps you meant https:///torrent/sone655?
2025-05-12 02:32:13,518 - scraper.core.scraper - ERROR - Error fetching page /torrent/sone703: Invalid URL '/torrent/sone703': No scheme supplied. Perhaps you meant https:///torrent/sone703?
2025-05-12 02:32:13,519 - scraper.core.scraper - ERROR - Error fetching page /torrent/sone624: Invalid URL '/torrent/sone624': No scheme supplied. Perhaps you meant https:///torrent/sone624?
2025-05-12 02:32:13,519 - scraper.core.scraper - ERROR - Error fetching page /torrent/sone711: Invalid URL '/torrent/sone711': No scheme supplied. Perhaps you meant https:///torrent/sone711?
2025-05-12 02:32:13,520 - scraper.core.scraper - ERROR - Error fetching page /torrent/sone637: Invalid URL '/torrent/sone637': No scheme supplied. Perhaps you meant https:///torrent/sone637?
2025-05-12 02:32:13,521 - scraper.core.scraper - ERROR - Error fetching page /torrent/jur351: Invalid URL '/torrent/jur351': No scheme supplied. Perhaps you meant https:///torrent/jur351?
2025-05-12 02:32:13,521 - scraper.core.scraper - ERROR - Error fetching page /torrent/rki694: Invalid URL '/torrent/rki694': No scheme supplied. Perhaps you meant https:///torrent/rki694?
2025-05-12 02:32:13,522 - scraper.core.scraper - ERROR - Error fetching page /torrent/sone603: Invalid URL '/torrent/sone603': No scheme supplied. Perhaps you meant https:///torrent/sone603?
2025-05-12 02:32:13,522 - scraper.core.scraper - ERROR - Error fetching page /torrent/sone668: Invalid URL '/torrent/sone668': No scheme supplied. Perhaps you meant https:///torrent/sone668?
2025-05-12 02:32:13,523 - scraper.core.scraper - ERROR - Error fetching page /torrent/fc2ppv4681435: Invalid URL '/torrent/fc2ppv4681435': No scheme supplied. Perhaps you meant https:///torrent/fc2ppv4681435?
2025-05-12 02:32:13,523 - scraper.core.scraper - ERROR - Error fetching page /torrent/fc2ppv4681465: Invalid URL '/torrent/fc2ppv4681465': No scheme supplied. Perhaps you meant https:///torrent/fc2ppv4681465?
2025-05-12 02:32:13,524 - scraper.core.scraper - ERROR - Error fetching page /torrent/fc2ppv4677406: Invalid URL '/torrent/fc2ppv4677406': No scheme supplied. Perhaps you meant https:///torrent/fc2ppv4677406?
2025-05-12 02:32:13,525 - scraper.core.scraper - ERROR - Error fetching page /torrent/fc2ppv4681433: Invalid URL '/torrent/fc2ppv4681433': No scheme supplied. Perhaps you meant https:///torrent/fc2ppv4681433?
2025-05-12 02:32:13,525 - scraper.core.scraper - ERROR - Error fetching page /torrent/fc2ppv4679048: Invalid URL '/torrent/fc2ppv4679048': No scheme supplied. Perhaps you meant https:///torrent/fc2ppv4679048?
2025-05-12 02:32:13,526 - scraper.core.scraper - ERROR - Error fetching page /torrent/fc2ppv4681429: Invalid URL '/torrent/fc2ppv4681429': No scheme supplied. Perhaps you meant https:///torrent/fc2ppv4681429?
2025-05-12 02:32:13,527 - scraper.core.scraper - ERROR - Error fetching page /torrent/fc2ppv4682614: Invalid URL '/torrent/fc2ppv4682614': No scheme supplied. Perhaps you meant https:///torrent/fc2ppv4682614?
2025-05-12 02:32:13,527 - scraper.core.scraper - ERROR - Error fetching page /torrent/fc2ppv4680866_2: Invalid URL '/torrent/fc2ppv4680866_2': No scheme supplied. Perhaps you meant https:///torrent/fc2ppv4680866_2?
2025-05-12 02:32:13,528 - scraper.core.scraper - ERROR - Error fetching page /torrent/fc2ppv4673294: Invalid URL '/torrent/fc2ppv4673294': No scheme supplied. Perhaps you meant https:///torrent/fc2ppv4673294?
2025-05-12 02:32:13,529 - scraper.core.scraper - ERROR - Error fetching page /torrent/fc2ppv4682621: Invalid URL '/torrent/fc2ppv4682621': No scheme supplied. Perhaps you meant https:///torrent/fc2ppv4682621?
2025-05-12 02:32:13,529 - scraper.core.scraper - ERROR - Error fetching page /torrent/abf226: Invalid URL '/torrent/abf226': No scheme supplied. Perhaps you meant https:///torrent/abf226?
2025-05-12 02:32:13,530 - scraper.core.scraper - ERROR - Error fetching page /torrent/abf228: Invalid URL '/torrent/abf228': No scheme supplied. Perhaps you meant https:///torrent/abf228?
2025-05-12 02:32:13,530 - scraper.core.scraper - ERROR - Error fetching page /torrent/259luxu1836: Invalid URL '/torrent/259luxu1836': No scheme supplied. Perhaps you meant https:///torrent/259luxu1836?
2025-05-12 02:32:13,531 - scraper.core.scraper - ERROR - Error fetching page /torrent/abf227: Invalid URL '/torrent/abf227': No scheme supplied. Perhaps you meant https:///torrent/abf227?
2025-05-12 02:32:13,531 - scraper.core.scraper - ERROR - Error fetching page /torrent/milk243: Invalid URL '/torrent/milk243': No scheme supplied. Perhaps you meant https:///torrent/milk243?
2025-05-12 02:32:13,532 - scraper.core.scraper - ERROR - Error fetching page /torrent/420erk076: Invalid URL '/torrent/420erk076': No scheme supplied. Perhaps you meant https:///torrent/420erk076?
2025-05-12 02:32:13,532 - scraper.core.scraper - ERROR - Error fetching page /torrent/420sth099: Invalid URL '/torrent/420sth099': No scheme supplied. Perhaps you meant https:///torrent/420sth099?
2025-05-12 02:32:13,533 - scraper.core.scraper - ERROR - Error fetching page /torrent/milk244: Invalid URL '/torrent/milk244': No scheme supplied. Perhaps you meant https:///torrent/milk244?
2025-05-12 02:32:13,533 - scraper.core.scraper - ERROR - Error fetching page /torrent/stsk172: Invalid URL '/torrent/stsk172': No scheme supplied. Perhaps you meant https:///torrent/stsk172?
2025-05-12 02:32:13,534 - scraper.core.scraper - ERROR - Error fetching page /torrent/stsk171: Invalid URL '/torrent/stsk171': No scheme supplied. Perhaps you meant https:///torrent/stsk171?
2025-05-12 02:32:13,535 - scraper.core.scraper - ERROR - Error fetching page /torrent/fc2ppv4681259: Invalid URL '/torrent/fc2ppv4681259': No scheme supplied. Perhaps you meant https:///torrent/fc2ppv4681259?
2025-05-12 02:32:13,536 - scraper.core.scraper - ERROR - Error fetching page /torrent/fc2ppv4678406: Invalid URL '/torrent/fc2ppv4678406': No scheme supplied. Perhaps you meant https:///torrent/fc2ppv4678406?
2025-05-12 02:32:13,536 - scraper.core.scraper - ERROR - Error fetching page /torrent/fc2ppv4680804: Invalid URL '/torrent/fc2ppv4680804': No scheme supplied. Perhaps you meant https:///torrent/fc2ppv4680804?
2025-05-12 02:32:13,537 - scraper.core.scraper - ERROR - Error fetching page /torrent/fc2ppv4680774: Invalid URL '/torrent/fc2ppv4680774': No scheme supplied. Perhaps you meant https:///torrent/fc2ppv4680774?
2025-05-12 02:32:13,538 - scraper.core.scraper - ERROR - Error fetching page /torrent/fc2ppv4680866: Invalid URL '/torrent/fc2ppv4680866': No scheme supplied. Perhaps you meant https:///torrent/fc2ppv4680866?
2025-05-12 02:32:13,538 - scraper.core.scraper - ERROR - Error fetching page /torrent/fc2ppv4679305: Invalid URL '/torrent/fc2ppv4679305': No scheme supplied. Perhaps you meant https:///torrent/fc2ppv4679305?
2025-05-12 02:32:13,539 - scraper.core.scraper - ERROR - Error fetching page /torrent/fc2ppv4681349: Invalid URL '/torrent/fc2ppv4681349': No scheme supplied. Perhaps you meant https:///torrent/fc2ppv4681349?
2025-05-12 02:32:13,540 - scraper.core.scraper - ERROR - Error fetching page /torrent/fc2ppv4670565: Invalid URL '/torrent/fc2ppv4670565': No scheme supplied. Perhaps you meant https:///torrent/fc2ppv4670565?
2025-05-12 02:32:13,540 - scraper.core.scraper - ERROR - Error fetching page /torrent/fc2ppv4667998: Invalid URL '/torrent/fc2ppv4667998': No scheme supplied. Perhaps you meant https:///torrent/fc2ppv4667998?
2025-05-12 02:32:13,541 - scraper.core.scraper - ERROR - Error fetching page /torrent/fc2ppv4680550: Invalid URL '/torrent/fc2ppv4680550': No scheme supplied. Perhaps you meant https:///torrent/fc2ppv4680550?
2025-05-12 02:32:13,542 - scraper.core.scraper - ERROR - Error fetching page /torrent/siro5457: Invalid URL '/torrent/siro5457': No scheme supplied. Perhaps you meant https:///torrent/siro5457?
2025-05-12 02:32:13,542 - scraper.core.scraper - ERROR - Error fetching page /torrent/200gana3212: Invalid URL '/torrent/200gana3212': No scheme supplied. Perhaps you meant https:///torrent/200gana3212?
2025-05-12 02:32:13,543 - scraper.core.scraper - ERROR - Error fetching page /torrent/546erofv314: Invalid URL '/torrent/546erofv314': No scheme supplied. Perhaps you meant https:///torrent/546erofv314?
2025-05-12 02:32:13,543 - scraper.core.scraper - ERROR - Error fetching page /torrent/326mgk014: Invalid URL '/torrent/326mgk014': No scheme supplied. Perhaps you meant https:///torrent/326mgk014?
2025-05-12 02:32:13,544 - scraper.core.scraper - ERROR - Error fetching page /torrent/420hhl115: Invalid URL '/torrent/420hhl115': No scheme supplied. Perhaps you meant https:///torrent/420hhl115?
2025-05-12 02:32:13,545 - scraper.core.scraper - ERROR - Error fetching page /torrent/420sth098: Invalid URL '/torrent/420sth098': No scheme supplied. Perhaps you meant https:///torrent/420sth098?
2025-05-12 02:32:13,545 - scraper.core.scraper - ERROR - Error fetching page /torrent/btha102: Invalid URL '/torrent/btha102': No scheme supplied. Perhaps you meant https:///torrent/btha102?
2025-05-12 02:32:13,546 - scraper.core.scraper - ERROR - Error fetching page /torrent/fc2ppv4680756: Invalid URL '/torrent/fc2ppv4680756': No scheme supplied. Perhaps you meant https:///torrent/fc2ppv4680756?
2025-05-12 02:32:13,546 - scraper.core.scraper - ERROR - Error fetching page /torrent/fc2ppv4672556: Invalid URL '/torrent/fc2ppv4672556': No scheme supplied. Perhaps you meant https:///torrent/fc2ppv4672556?
2025-05-12 02:32:13,547 - scraper.core.scraper - ERROR - Error fetching page /torrent/fc2ppv4680589: Invalid URL '/torrent/fc2ppv4680589': No scheme supplied. Perhaps you meant https:///torrent/fc2ppv4680589?
2025-05-12 02:32:13,547 - scraper.core.scraper - ERROR - Error fetching page /torrent/fc2ppv4680768: Invalid URL '/torrent/fc2ppv4680768': No scheme supplied. Perhaps you meant https:///torrent/fc2ppv4680768?
2025-05-12 02:32:13,548 - scraper.core.scraper - ERROR - Error fetching page /torrent/fc2ppv4673769: Invalid URL '/torrent/fc2ppv4673769': No scheme supplied. Perhaps you meant https:///torrent/fc2ppv4673769?
2025-05-12 02:32:13,548 - scraper.core.scraper - ERROR - Error fetching page /torrent/fc2ppv4681206: Invalid URL '/torrent/fc2ppv4681206': No scheme supplied. Perhaps you meant https:///torrent/fc2ppv4681206?
2025-05-12 02:32:13,549 - scraper.core.scraper - ERROR - Error fetching page /torrent/fc2ppv4673457: Invalid URL '/torrent/fc2ppv4673457': No scheme supplied. Perhaps you meant https:///torrent/fc2ppv4673457?
2025-05-12 02:32:13,550 - scraper.core.scraper - ERROR - Error fetching page /torrent/fc2ppv4680843: Invalid URL '/torrent/fc2ppv4680843': No scheme supplied. Perhaps you meant https:///torrent/fc2ppv4680843?
2025-05-12 02:32:13,551 - scraper.core.scraper - ERROR - Error fetching page /torrent/fc2ppv4681084: Invalid URL '/torrent/fc2ppv4681084': No scheme supplied. Perhaps you meant https:///torrent/fc2ppv4681084?
2025-05-12 02:32:13,551 - scraper.core.scraper - ERROR - Error fetching page /torrent/fc2ppv4676867: Invalid URL '/torrent/fc2ppv4676867': No scheme supplied. Perhaps you meant https:///torrent/fc2ppv4676867?
2025-05-12 02:32:13,552 - scraper.core.scraper - ERROR - Error fetching page /torrent/mida102: Invalid URL '/torrent/mida102': No scheme supplied. Perhaps you meant https:///torrent/mida102?
2025-05-12 02:32:13,553 - scraper.core.scraper - ERROR - Error fetching page /torrent/mida136: Invalid URL '/torrent/mida136': No scheme supplied. Perhaps you meant https:///torrent/mida136?
2025-05-12 02:32:13,553 - scraper.core.scraper - ERROR - Error fetching page /torrent/miab484: Invalid URL '/torrent/miab484': No scheme supplied. Perhaps you meant https:///torrent/miab484?
2025-05-12 02:32:13,554 - scraper.core.scraper - ERROR - Error fetching page /torrent/mida106: Invalid URL '/torrent/mida106': No scheme supplied. Perhaps you meant https:///torrent/mida106?
2025-05-12 02:32:13,555 - scraper.core.scraper - ERROR - Error fetching page /torrent/miab479: Invalid URL '/torrent/miab479': No scheme supplied. Perhaps you meant https:///torrent/miab479?
2025-05-12 02:32:13,555 - scraper.core.scraper - ERROR - Error fetching page /torrent/326eva207: Invalid URL '/torrent/326eva207': No scheme supplied. Perhaps you meant https:///torrent/326eva207?
2025-05-12 02:32:13,556 - scraper.core.scraper - ERROR - Error fetching page /torrent/miab483: Invalid URL '/torrent/miab483': No scheme supplied. Perhaps you meant https:///torrent/miab483?
2025-05-12 02:32:13,557 - scraper.core.scraper - ERROR - Error fetching page /torrent/mida137: Invalid URL '/torrent/mida137': No scheme supplied. Perhaps you meant https:///torrent/mida137?
2025-05-12 02:32:13,557 - scraper.core.scraper - ERROR - Error fetching page /torrent/200gana3214: Invalid URL '/torrent/200gana3214': No scheme supplied. Perhaps you meant https:///torrent/200gana3214?
2025-05-12 02:32:13,558 - scraper.core.scraper - ERROR - Error fetching page /torrent/420hoi345: Invalid URL '/torrent/420hoi345': No scheme supplied. Perhaps you meant https:///torrent/420hoi345?
2025-05-12 02:32:13,558 - scraper.core.scraper - ERROR - Error fetching page /torrent/fc2ppv4680553: Invalid URL '/torrent/fc2ppv4680553': No scheme supplied. Perhaps you meant https:///torrent/fc2ppv4680553?
2025-05-12 02:32:13,559 - scraper.core.scraper - ERROR - Error fetching page /torrent/fc2ppv4680562: Invalid URL '/torrent/fc2ppv4680562': No scheme supplied. Perhaps you meant https:///torrent/fc2ppv4680562?
2025-05-12 02:32:13,560 - scraper.core.scraper - ERROR - Error fetching page /torrent/fc2ppv4490298: Invalid URL '/torrent/fc2ppv4490298': No scheme supplied. Perhaps you meant https:///torrent/fc2ppv4490298?
2025-05-12 02:32:13,560 - scraper.core.scraper - ERROR - Error fetching page /torrent/fc2ppv4678679: Invalid URL '/torrent/fc2ppv4678679': No scheme supplied. Perhaps you meant https:///torrent/fc2ppv4678679?
2025-05-12 02:32:13,561 - scraper.core.scraper - ERROR - Error fetching page /torrent/fc2ppv4680622: Invalid URL '/torrent/fc2ppv4680622': No scheme supplied. Perhaps you meant https:///torrent/fc2ppv4680622?
2025-05-12 02:32:13,561 - scraper.core.scraper - ERROR - Error fetching page /torrent/fc2ppv4680275: Invalid URL '/torrent/fc2ppv4680275': No scheme supplied. Perhaps you meant https:///torrent/fc2ppv4680275?
2025-05-12 02:32:13,562 - scraper.core.scraper - ERROR - Error fetching page /torrent/fc2ppv4680424: Invalid URL '/torrent/fc2ppv4680424': No scheme supplied. Perhaps you meant https:///torrent/fc2ppv4680424?
2025-05-12 02:32:13,562 - scraper.core.scraper - ERROR - Error fetching page /torrent/fc2ppv4680591: Invalid URL '/torrent/fc2ppv4680591': No scheme supplied. Perhaps you meant https:///torrent/fc2ppv4680591?
2025-05-12 02:32:13,563 - scraper.core.scraper - ERROR - Error fetching page /torrent/fc2ppv4466491: Invalid URL '/torrent/fc2ppv4466491': No scheme supplied. Perhaps you meant https:///torrent/fc2ppv4466491?
2025-05-12 02:32:13,564 - scraper.core.scraper - ERROR - Error fetching page /torrent/fc2ppv4678311: Invalid URL '/torrent/fc2ppv4678311': No scheme supplied. Perhaps you meant https:///torrent/fc2ppv4678311?
2025-05-12 02:32:13,564 - scraper.core.scraper - ERROR - Error fetching page /torrent/300mium1186: Invalid URL '/torrent/300mium1186': No scheme supplied. Perhaps you meant https:///torrent/300mium1186?
2025-05-12 02:32:13,565 - scraper.core.scraper - ERROR - Error fetching page /torrent/siro5448: Invalid URL '/torrent/siro5448': No scheme supplied. Perhaps you meant https:///torrent/siro5448?
2025-05-12 02:32:13,565 - scraper.core.scraper - ERROR - Error fetching page /torrent/nacr948: Invalid URL '/torrent/nacr948': No scheme supplied. Perhaps you meant https:///torrent/nacr948?
2025-05-12 02:32:13,566 - scraper.core.scraper - ERROR - Error fetching page /torrent/326eva206: Invalid URL '/torrent/326eva206': No scheme supplied. Perhaps you meant https:///torrent/326eva206?
2025-05-12 02:32:13,567 - scraper.core.scraper - ERROR - Error fetching page /torrent/328hmdnv811: Invalid URL '/torrent/328hmdnv811': No scheme supplied. Perhaps you meant https:///torrent/328hmdnv811?
2025-05-12 02:32:13,568 - scraper.core.scraper - ERROR - Error fetching page /torrent/nacr951: Invalid URL '/torrent/nacr951': No scheme supplied. Perhaps you meant https:///torrent/nacr951?
2025-05-12 02:32:13,568 - scraper.core.scraper - ERROR - Error fetching page /torrent/420hoi344: Invalid URL '/torrent/420hoi344': No scheme supplied. Perhaps you meant https:///torrent/420hoi344?
2025-05-12 02:32:13,569 - scraper.core.scraper - ERROR - Error fetching page /torrent/nacr953: Invalid URL '/torrent/nacr953': No scheme supplied. Perhaps you meant https:///torrent/nacr953?
2025-05-12 02:32:13,570 - scraper.core.scraper - ERROR - Error fetching page /torrent/zmar135: Invalid URL '/torrent/zmar135': No scheme supplied. Perhaps you meant https:///torrent/zmar135?
2025-05-12 02:32:13,570 - scraper.core.scraper - ERROR - Error fetching page /torrent/nacr950: Invalid URL '/torrent/nacr950': No scheme supplied. Perhaps you meant https:///torrent/nacr950?
2025-05-12 02:32:13,571 - scraper.core.scraper - ERROR - Error fetching page /torrent/fc2ppv4680339: Invalid URL '/torrent/fc2ppv4680339': No scheme supplied. Perhaps you meant https:///torrent/fc2ppv4680339?
2025-05-12 02:32:13,572 - scraper.core.scraper - ERROR - Error fetching page /torrent/fc2ppv4679198: Invalid URL '/torrent/fc2ppv4679198': No scheme supplied. Perhaps you meant https:///torrent/fc2ppv4679198?
2025-05-12 02:32:13,572 - scraper.core.scraper - ERROR - Error fetching page /torrent/fc2ppv4680005: Invalid URL '/torrent/fc2ppv4680005': No scheme supplied. Perhaps you meant https:///torrent/fc2ppv4680005?
2025-05-12 02:32:13,574 - scraper.core.scraper - ERROR - Error fetching page /torrent/fc2ppv4680249: Invalid URL '/torrent/fc2ppv4680249': No scheme supplied. Perhaps you meant https:///torrent/fc2ppv4680249?
2025-05-12 02:32:13,574 - scraper.core.scraper - ERROR - Error fetching page /torrent/fc2ppv4679986: Invalid URL '/torrent/fc2ppv4679986': No scheme supplied. Perhaps you meant https:///torrent/fc2ppv4679986?
2025-05-12 02:32:13,575 - scraper.core.scraper - ERROR - Error fetching page /torrent/fc2ppv4678708: Invalid URL '/torrent/fc2ppv4678708': No scheme supplied. Perhaps you meant https:///torrent/fc2ppv4678708?
2025-05-12 02:32:13,576 - scraper.core.scraper - ERROR - Error fetching page /torrent/fc2ppv4679457: Invalid URL '/torrent/fc2ppv4679457': No scheme supplied. Perhaps you meant https:///torrent/fc2ppv4679457?
2025-05-12 02:32:13,576 - scraper.core.scraper - ERROR - Error fetching page /torrent/fc2ppv4669377: Invalid URL '/torrent/fc2ppv4669377': No scheme supplied. Perhaps you meant https:///torrent/fc2ppv4669377?
2025-05-12 02:32:13,577 - scraper.core.scraper - ERROR - Error fetching page /torrent/fc2ppv4678711: Invalid URL '/torrent/fc2ppv4678711': No scheme supplied. Perhaps you meant https:///torrent/fc2ppv4678711?
2025-05-12 02:32:13,577 - scraper.core.scraper - ERROR - Error fetching page /torrent/fc2ppv4678896: Invalid URL '/torrent/fc2ppv4678896': No scheme supplied. Perhaps you meant https:///torrent/fc2ppv4678896?
2025-05-12 02:37:08,712 - scraper.core.scraper - ERROR - Error fetching page https://onejav.com /torrent/parathd4194: HTTPSConnectionPool(host='onejav.com%20', port=443): Max retries exceeded with url: /torrent/parathd4194 (Caused by NewConnectionError('<urllib3.connection.HTTPSConnection object at 0x0000022DCB42E510>: Failed to establish a new connection: [Errno 11001] getaddrinfo failed'))
2025-05-12 02:37:08,715 - scraper.core.scraper - ERROR - Error fetching page https://onejav.com /torrent/fc2ppv4681411: HTTPSConnectionPool(host='onejav.com%20', port=443): Max retries exceeded with url: /torrent/fc2ppv4681411 (Caused by NewConnectionError('<urllib3.connection.HTTPSConnection object at 0x0000022DCB3874D0>: Failed to establish a new connection: [Errno 11001] getaddrinfo failed'))
2025-05-12 02:37:08,718 - scraper.core.scraper - ERROR - Error fetching page https://onejav.com /torrent/waaa501: HTTPSConnectionPool(host='onejav.com%20', port=443): Max retries exceeded with url: /torrent/waaa501 (Caused by NewConnectionError('<urllib3.connection.HTTPSConnection object at 0x0000022DCB3879D0>: Failed to establish a new connection: [Errno 11001] getaddrinfo failed'))
2025-05-12 02:37:08,720 - scraper.core.scraper - ERROR - Error fetching page https://onejav.com /torrent/mimk208: HTTPSConnectionPool(host='onejav.com%20', port=443): Max retries exceeded with url: /torrent/mimk208 (Caused by NewConnectionError('<urllib3.connection.HTTPSConnection object at 0x0000022DCB387110>: Failed to establish a new connection: [Errno 11001] getaddrinfo failed'))
2025-05-12 02:37:08,722 - scraper.core.scraper - ERROR - Error fetching page https://onejav.com /torrent/fc2ppv4683146: HTTPSConnectionPool(host='onejav.com%20', port=443): Max retries exceeded with url: /torrent/fc2ppv4683146 (Caused by NewConnectionError('<urllib3.connection.HTTPSConnection object at 0x0000022DCB3879D0>: Failed to establish a new connection: [Errno 11001] getaddrinfo failed'))
2025-05-12 02:37:08,724 - scraper.core.scraper - ERROR - Error fetching page https://onejav.com /torrent/start306: HTTPSConnectionPool(host='onejav.com%20', port=443): Max retries exceeded with url: /torrent/start306 (Caused by NewConnectionError('<urllib3.connection.HTTPSConnection object at 0x0000022DCB387750>: Failed to establish a new connection: [Errno 11001] getaddrinfo failed'))
2025-05-12 02:37:08,725 - scraper.core.scraper - ERROR - Error fetching page https://onejav.com /torrent/fc2ppv4684322: HTTPSConnectionPool(host='onejav.com%20', port=443): Max retries exceeded with url: /torrent/fc2ppv4684322 (Caused by NewConnectionError('<urllib3.connection.HTTPSConnection object at 0x0000022DCB387250>: Failed to establish a new connection: [Errno 11001] getaddrinfo failed'))
2025-05-12 02:37:08,727 - scraper.core.scraper - ERROR - Error fetching page https://onejav.com /torrent/sone669: HTTPSConnectionPool(host='onejav.com%20', port=443): Max retries exceeded with url: /torrent/sone669 (Caused by NewConnectionError('<urllib3.connection.HTTPSConnection object at 0x0000022DCB387110>: Failed to establish a new connection: [Errno 11001] getaddrinfo failed'))
2025-05-12 02:37:08,728 - scraper.core.scraper - ERROR - Error fetching page https://onejav.com /torrent/326scp034: HTTPSConnectionPool(host='onejav.com%20', port=443): Max retries exceeded with url: /torrent/326scp034 (Caused by NewConnectionError('<urllib3.connection.HTTPSConnection object at 0x0000022DCB3879D0>: Failed to establish a new connection: [Errno 11001] getaddrinfo failed'))
2025-05-12 02:37:08,730 - scraper.core.scraper - ERROR - Error fetching page https://onejav.com /torrent/mida143: HTTPSConnectionPool(host='onejav.com%20', port=443): Max retries exceeded with url: /torrent/mida143 (Caused by NewConnectionError('<urllib3.connection.HTTPSConnection object at 0x0000022DCB387750>: Failed to establish a new connection: [Errno 11001] getaddrinfo failed'))
2025-05-12 02:37:08,731 - scraper.core.scraper - ERROR - Error fetching page https://onejav.com /torrent/326scp034: HTTPSConnectionPool(host='onejav.com%20', port=443): Max retries exceeded with url: /torrent/326scp034 (Caused by NewConnectionError('<urllib3.connection.HTTPSConnection object at 0x0000022DCB387250>: Failed to establish a new connection: [Errno 11001] getaddrinfo failed'))
2025-05-12 02:37:08,733 - scraper.core.scraper - ERROR - Error fetching page https://onejav.com /torrent/229scute1506: HTTPSConnectionPool(host='onejav.com%20', port=443): Max retries exceeded with url: /torrent/229scute1506 (Caused by NewConnectionError('<urllib3.connection.HTTPSConnection object at 0x0000022DCB387110>: Failed to establish a new connection: [Errno 11001] getaddrinfo failed'))
2025-05-12 02:37:08,735 - scraper.core.scraper - ERROR - Error fetching page https://onejav.com /torrent/ofje511: HTTPSConnectionPool(host='onejav.com%20', port=443): Max retries exceeded with url: /torrent/ofje511 (Caused by NewConnectionError('<urllib3.connection.HTTPSConnection object at 0x0000022DCB3879D0>: Failed to establish a new connection: [Errno 11001] getaddrinfo failed'))
2025-05-12 02:37:08,738 - scraper.core.scraper - ERROR - Error fetching page https://onejav.com /torrent/heyzo3584: HTTPSConnectionPool(host='onejav.com%20', port=443): Max retries exceeded with url: /torrent/heyzo3584 (Caused by NewConnectionError('<urllib3.connection.HTTPSConnection object at 0x0000022DCB387750>: Failed to establish a new connection: [Errno 11001] getaddrinfo failed'))
2025-05-12 02:37:08,739 - scraper.core.scraper - ERROR - Error fetching page https://onejav.com /torrent/parathd4194: HTTPSConnectionPool(host='onejav.com%20', port=443): Max retries exceeded with url: /torrent/parathd4194 (Caused by NewConnectionError('<urllib3.connection.HTTPSConnection object at 0x0000022DCB387250>: Failed to establish a new connection: [Errno 11001] getaddrinfo failed'))
2025-05-12 02:37:08,742 - scraper.core.scraper - ERROR - Error fetching page https://onejav.com /torrent/parathd4200: HTTPSConnectionPool(host='onejav.com%20', port=443): Max retries exceeded with url: /torrent/parathd4200 (Caused by NewConnectionError('<urllib3.connection.HTTPSConnection object at 0x0000022DCB387110>: Failed to establish a new connection: [Errno 11001] getaddrinfo failed'))
2025-05-12 02:37:08,744 - scraper.core.scraper - ERROR - Error fetching page https://onejav.com /torrent/parathd4193: HTTPSConnectionPool(host='onejav.com%20', port=443): Max retries exceeded with url: /torrent/parathd4193 (Caused by NewConnectionError('<urllib3.connection.HTTPSConnection object at 0x0000022DCB3879D0>: Failed to establish a new connection: [Errno 11001] getaddrinfo failed'))
2025-05-12 02:37:08,746 - scraper.core.scraper - ERROR - Error fetching page https://onejav.com /torrent/fc2ppv4684249: HTTPSConnectionPool(host='onejav.com%20', port=443): Max retries exceeded with url: /torrent/fc2ppv4684249 (Caused by NewConnectionError('<urllib3.connection.HTTPSConnection object at 0x0000022DCB387750>: Failed to establish a new connection: [Errno 11001] getaddrinfo failed'))
2025-05-12 02:37:08,748 - scraper.core.scraper - ERROR - Error fetching page https://onejav.com /torrent/fc2ppv4684406: HTTPSConnectionPool(host='onejav.com%20', port=443): Max retries exceeded with url: /torrent/fc2ppv4684406 (Caused by NewConnectionError('<urllib3.connection.HTTPSConnection object at 0x0000022DCB387250>: Failed to establish a new connection: [Errno 11001] getaddrinfo failed'))
2025-05-12 02:37:08,751 - scraper.core.scraper - ERROR - Error fetching page https://onejav.com /torrent/fc2ppv4684278: HTTPSConnectionPool(host='onejav.com%20', port=443): Max retries exceeded with url: /torrent/fc2ppv4684278 (Caused by NewConnectionError('<urllib3.connection.HTTPSConnection object at 0x0000022DCB387110>: Failed to establish a new connection: [Errno 11001] getaddrinfo failed'))
2025-05-12 02:37:08,754 - scraper.core.scraper - ERROR - Error fetching page https://onejav.com /torrent/fc2ppv4683447: HTTPSConnectionPool(host='onejav.com%20', port=443): Max retries exceeded with url: /torrent/fc2ppv4683447 (Caused by NewConnectionError('<urllib3.connection.HTTPSConnection object at 0x0000022DCB3879D0>: Failed to establish a new connection: [Errno 11001] getaddrinfo failed'))
2025-05-12 02:37:08,756 - scraper.core.scraper - ERROR - Error fetching page https://onejav.com /torrent/fc2ppv4684202: HTTPSConnectionPool(host='onejav.com%20', port=443): Max retries exceeded with url: /torrent/fc2ppv4684202 (Caused by NewConnectionError('<urllib3.connection.HTTPSConnection object at 0x0000022DCB387750>: Failed to establish a new connection: [Errno 11001] getaddrinfo failed'))
2025-05-12 02:37:08,758 - scraper.core.scraper - ERROR - Error fetching page https://onejav.com /torrent/fc2ppv4680599: HTTPSConnectionPool(host='onejav.com%20', port=443): Max retries exceeded with url: /torrent/fc2ppv4680599 (Caused by NewConnectionError('<urllib3.connection.HTTPSConnection object at 0x0000022DCB387250>: Failed to establish a new connection: [Errno 11001] getaddrinfo failed'))
2025-05-12 02:37:08,760 - scraper.core.scraper - ERROR - Error fetching page https://onejav.com /torrent/fc2ppv4681411: HTTPSConnectionPool(host='onejav.com%20', port=443): Max retries exceeded with url: /torrent/fc2ppv4681411 (Caused by NewConnectionError('<urllib3.connection.HTTPSConnection object at 0x0000022DCB387110>: Failed to establish a new connection: [Errno 11001] getaddrinfo failed'))
2025-05-12 02:37:08,761 - scraper.core.scraper - ERROR - Error fetching page https://onejav.com /torrent/fc2ppv4683131: HTTPSConnectionPool(host='onejav.com%20', port=443): Max retries exceeded with url: /torrent/fc2ppv4683131 (Caused by NewConnectionError('<urllib3.connection.HTTPSConnection object at 0x0000022DCB3879D0>: Failed to establish a new connection: [Errno 11001] getaddrinfo failed'))
2025-05-12 02:37:08,763 - scraper.core.scraper - ERROR - Error fetching page https://onejav.com /torrent/fc2ppv4683146: HTTPSConnectionPool(host='onejav.com%20', port=443): Max retries exceeded with url: /torrent/fc2ppv4683146 (Caused by NewConnectionError('<urllib3.connection.HTTPSConnection object at 0x0000022DCB387750>: Failed to establish a new connection: [Errno 11001] getaddrinfo failed'))
2025-05-12 02:37:08,767 - scraper.core.scraper - ERROR - Error fetching page https://onejav.com /torrent/fc2ppv4684322: HTTPSConnectionPool(host='onejav.com%20', port=443): Max retries exceeded with url: /torrent/fc2ppv4684322 (Caused by NewConnectionError('<urllib3.connection.HTTPSConnection object at 0x0000022DCB387250>: Failed to establish a new connection: [Errno 11001] getaddrinfo failed'))
2025-05-12 02:37:08,770 - scraper.core.scraper - ERROR - Error fetching page https://onejav.com /torrent/300mium1194: HTTPSConnectionPool(host='onejav.com%20', port=443): Max retries exceeded with url: /torrent/300mium1194 (Caused by NewConnectionError('<urllib3.connection.HTTPSConnection object at 0x0000022DCB387110>: Failed to establish a new connection: [Errno 11001] getaddrinfo failed'))
2025-05-12 02:37:08,772 - scraper.core.scraper - ERROR - Error fetching page https://onejav.com /torrent/786sna039: HTTPSConnectionPool(host='onejav.com%20', port=443): Max retries exceeded with url: /torrent/786sna039 (Caused by NewConnectionError('<urllib3.connection.HTTPSConnection object at 0x0000022DCB3879D0>: Failed to establish a new connection: [Errno 11001] getaddrinfo failed'))
2025-05-12 02:37:08,774 - scraper.core.scraper - ERROR - Error fetching page https://onejav.com /torrent/mkmp636: HTTPSConnectionPool(host='onejav.com%20', port=443): Max retries exceeded with url: /torrent/mkmp636 (Caused by NewConnectionError('<urllib3.connection.HTTPSConnection object at 0x0000022DCB387750>: Failed to establish a new connection: [Errno 11001] getaddrinfo failed'))
2025-05-12 02:37:08,775 - scraper.core.scraper - ERROR - Error fetching page https://onejav.com /torrent/229scute1502: HTTPSConnectionPool(host='onejav.com%20', port=443): Max retries exceeded with url: /torrent/229scute1502 (Caused by NewConnectionError('<urllib3.connection.HTTPSConnection object at 0x0000022DCB387250>: Failed to establish a new connection: [Errno 11001] getaddrinfo failed'))
2025-05-12 02:37:08,777 - scraper.core.scraper - ERROR - Error fetching page https://onejav.com /torrent/knip006: HTTPSConnectionPool(host='onejav.com%20', port=443): Max retries exceeded with url: /torrent/knip006 (Caused by NewConnectionError('<urllib3.connection.HTTPSConnection object at 0x0000022DCB387110>: Failed to establish a new connection: [Errno 11001] getaddrinfo failed'))
2025-05-12 02:37:08,778 - scraper.core.scraper - ERROR - Error fetching page https://onejav.com /torrent/dvaj693: HTTPSConnectionPool(host='onejav.com%20', port=443): Max retries exceeded with url: /torrent/dvaj693 (Caused by NewConnectionError('<urllib3.connection.HTTPSConnection object at 0x0000022DCB3879D0>: Failed to establish a new connection: [Errno 11001] getaddrinfo failed'))
2025-05-12 02:37:08,780 - scraper.core.scraper - ERROR - Error fetching page https://onejav.com /torrent/326rav017: HTTPSConnectionPool(host='onejav.com%20', port=443): Max retries exceeded with url: /torrent/326rav017 (Caused by NewConnectionError('<urllib3.connection.HTTPSConnection object at 0x0000022DCB387750>: Failed to establish a new connection: [Errno 11001] getaddrinfo failed'))
2025-05-12 02:37:08,784 - scraper.core.scraper - ERROR - Error fetching page https://onejav.com /torrent/ankb036: HTTPSConnectionPool(host='onejav.com%20', port=443): Max retries exceeded with url: /torrent/ankb036 (Caused by NewConnectionError('<urllib3.connection.HTTPSConnection object at 0x0000022DCB387250>: Failed to establish a new connection: [Errno 11001] getaddrinfo failed'))
2025-05-12 02:37:08,787 - scraper.core.scraper - ERROR - Error fetching page https://onejav.com /torrent/259luxu1837: HTTPSConnectionPool(host='onejav.com%20', port=443): Max retries exceeded with url: /torrent/259luxu1837 (Caused by NewConnectionError('<urllib3.connection.HTTPSConnection object at 0x0000022DCB387110>: Failed to establish a new connection: [Errno 11001] getaddrinfo failed'))
2025-05-12 02:37:08,789 - scraper.core.scraper - ERROR - Error fetching page https://onejav.com /torrent/758refuck149: HTTPSConnectionPool(host='onejav.com%20', port=443): Max retries exceeded with url: /torrent/758refuck149 (Caused by NewConnectionError('<urllib3.connection.HTTPSConnection object at 0x0000022DCB3879D0>: Failed to establish a new connection: [Errno 11001] getaddrinfo failed'))
2025-05-12 02:37:08,791 - scraper.core.scraper - ERROR - Error fetching page https://onejav.com /torrent/fc2ppv4682594: HTTPSConnectionPool(host='onejav.com%20', port=443): Max retries exceeded with url: /torrent/fc2ppv4682594 (Caused by NewConnectionError('<urllib3.connection.HTTPSConnection object at 0x0000022DCB387750>: Failed to establish a new connection: [Errno 11001] getaddrinfo failed'))
2025-05-12 02:37:08,793 - scraper.core.scraper - ERROR - Error fetching page https://onejav.com /torrent/fc2ppv4681481: HTTPSConnectionPool(host='onejav.com%20', port=443): Max retries exceeded with url: /torrent/fc2ppv4681481 (Caused by NewConnectionError('<urllib3.connection.HTTPSConnection object at 0x0000022DCB387250>: Failed to establish a new connection: [Errno 11001] getaddrinfo failed'))
2025-05-12 02:37:08,795 - scraper.core.scraper - ERROR - Error fetching page https://onejav.com /torrent/fc2ppv4681514: HTTPSConnectionPool(host='onejav.com%20', port=443): Max retries exceeded with url: /torrent/fc2ppv4681514 (Caused by NewConnectionError('<urllib3.connection.HTTPSConnection object at 0x0000022DCB387110>: Failed to establish a new connection: [Errno 11001] getaddrinfo failed'))
2025-05-12 02:37:08,796 - scraper.core.scraper - ERROR - Error fetching page https://onejav.com /torrent/fc2ppv4680564: HTTPSConnectionPool(host='onejav.com%20', port=443): Max retries exceeded with url: /torrent/fc2ppv4680564 (Caused by NewConnectionError('<urllib3.connection.HTTPSConnection object at 0x0000022DCB3879D0>: Failed to establish a new connection: [Errno 11001] getaddrinfo failed'))
2025-05-12 02:37:08,798 - scraper.core.scraper - ERROR - Error fetching page https://onejav.com /torrent/fc2ppv4678416: HTTPSConnectionPool(host='onejav.com%20', port=443): Max retries exceeded with url: /torrent/fc2ppv4678416 (Caused by NewConnectionError('<urllib3.connection.HTTPSConnection object at 0x0000022DCB387750>: Failed to establish a new connection: [Errno 11001] getaddrinfo failed'))
2025-05-12 02:37:08,801 - scraper.core.scraper - ERROR - Error fetching page https://onejav.com /torrent/fc2ppv4677085: HTTPSConnectionPool(host='onejav.com%20', port=443): Max retries exceeded with url: /torrent/fc2ppv4677085 (Caused by NewConnectionError('<urllib3.connection.HTTPSConnection object at 0x0000022DCB387250>: Failed to establish a new connection: [Errno 11001] getaddrinfo failed'))
2025-05-12 02:37:08,803 - scraper.core.scraper - ERROR - Error fetching page https://onejav.com /torrent/fc2ppv4684145: HTTPSConnectionPool(host='onejav.com%20', port=443): Max retries exceeded with url: /torrent/fc2ppv4684145 (Caused by NewConnectionError('<urllib3.connection.HTTPSConnection object at 0x0000022DCB387110>: Failed to establish a new connection: [Errno 11001] getaddrinfo failed'))
2025-05-12 02:37:08,805 - scraper.core.scraper - ERROR - Error fetching page https://onejav.com /torrent/fc2ppv4683156: HTTPSConnectionPool(host='onejav.com%20', port=443): Max retries exceeded with url: /torrent/fc2ppv4683156 (Caused by NewConnectionError('<urllib3.connection.HTTPSConnection object at 0x0000022DCB3879D0>: Failed to establish a new connection: [Errno 11001] getaddrinfo failed'))
2025-05-12 02:37:08,807 - scraper.core.scraper - ERROR - Error fetching page https://onejav.com /torrent/fc2ppv4683153: HTTPSConnectionPool(host='onejav.com%20', port=443): Max retries exceeded with url: /torrent/fc2ppv4683153 (Caused by NewConnectionError('<urllib3.connection.HTTPSConnection object at 0x0000022DCB387750>: Failed to establish a new connection: [Errno 11001] getaddrinfo failed'))
2025-05-12 02:37:08,808 - scraper.core.scraper - ERROR - Error fetching page https://onejav.com /torrent/fc2ppv4683372: HTTPSConnectionPool(host='onejav.com%20', port=443): Max retries exceeded with url: /torrent/fc2ppv4683372 (Caused by NewConnectionError('<urllib3.connection.HTTPSConnection object at 0x0000022DCB387250>: Failed to establish a new connection: [Errno 11001] getaddrinfo failed'))
2025-05-12 02:37:08,809 - scraper.core.scraper - ERROR - Error fetching page https://onejav.com /torrent/sone682: HTTPSConnectionPool(host='onejav.com%20', port=443): Max retries exceeded with url: /torrent/sone682 (Caused by NewConnectionError('<urllib3.connection.HTTPSConnection object at 0x0000022DCB387110>: Failed to establish a new connection: [Errno 11001] getaddrinfo failed'))
2025-05-12 02:37:08,811 - scraper.core.scraper - ERROR - Error fetching page https://onejav.com /torrent/sone655: HTTPSConnectionPool(host='onejav.com%20', port=443): Max retries exceeded with url: /torrent/sone655 (Caused by NewConnectionError('<urllib3.connection.HTTPSConnection object at 0x0000022DCB3879D0>: Failed to establish a new connection: [Errno 11001] getaddrinfo failed'))
2025-05-12 02:37:08,813 - scraper.core.scraper - ERROR - Error fetching page https://onejav.com /torrent/sone703: HTTPSConnectionPool(host='onejav.com%20', port=443): Max retries exceeded with url: /torrent/sone703 (Caused by NewConnectionError('<urllib3.connection.HTTPSConnection object at 0x0000022DCB387750>: Failed to establish a new connection: [Errno 11001] getaddrinfo failed'))
2025-05-12 02:37:08,816 - scraper.core.scraper - ERROR - Error fetching page https://onejav.com /torrent/sone624: HTTPSConnectionPool(host='onejav.com%20', port=443): Max retries exceeded with url: /torrent/sone624 (Caused by NewConnectionError('<urllib3.connection.HTTPSConnection object at 0x0000022DCB387250>: Failed to establish a new connection: [Errno 11001] getaddrinfo failed'))
2025-05-12 02:37:08,818 - scraper.core.scraper - ERROR - Error fetching page https://onejav.com /torrent/sone711: HTTPSConnectionPool(host='onejav.com%20', port=443): Max retries exceeded with url: /torrent/sone711 (Caused by NewConnectionError('<urllib3.connection.HTTPSConnection object at 0x0000022DCB387110>: Failed to establish a new connection: [Errno 11001] getaddrinfo failed'))
2025-05-12 02:37:08,820 - scraper.core.scraper - ERROR - Error fetching page https://onejav.com /torrent/sone637: HTTPSConnectionPool(host='onejav.com%20', port=443): Max retries exceeded with url: /torrent/sone637 (Caused by NewConnectionError('<urllib3.connection.HTTPSConnection object at 0x0000022DCB3879D0>: Failed to establish a new connection: [Errno 11001] getaddrinfo failed'))
2025-05-12 02:37:08,821 - scraper.core.scraper - ERROR - Error fetching page https://onejav.com /torrent/jur351: HTTPSConnectionPool(host='onejav.com%20', port=443): Max retries exceeded with url: /torrent/jur351 (Caused by NewConnectionError('<urllib3.connection.HTTPSConnection object at 0x0000022DCB387750>: Failed to establish a new connection: [Errno 11001] getaddrinfo failed'))
2025-05-12 02:37:08,823 - scraper.core.scraper - ERROR - Error fetching page https://onejav.com /torrent/rki694: HTTPSConnectionPool(host='onejav.com%20', port=443): Max retries exceeded with url: /torrent/rki694 (Caused by NewConnectionError('<urllib3.connection.HTTPSConnection object at 0x0000022DCB387250>: Failed to establish a new connection: [Errno 11001] getaddrinfo failed'))
2025-05-12 02:37:08,825 - scraper.core.scraper - ERROR - Error fetching page https://onejav.com /torrent/sone603: HTTPSConnectionPool(host='onejav.com%20', port=443): Max retries exceeded with url: /torrent/sone603 (Caused by NewConnectionError('<urllib3.connection.HTTPSConnection object at 0x0000022DCB387110>: Failed to establish a new connection: [Errno 11001] getaddrinfo failed'))
2025-05-12 02:37:08,826 - scraper.core.scraper - ERROR - Error fetching page https://onejav.com /torrent/sone668: HTTPSConnectionPool(host='onejav.com%20', port=443): Max retries exceeded with url: /torrent/sone668 (Caused by NewConnectionError('<urllib3.connection.HTTPSConnection object at 0x0000022DCB3879D0>: Failed to establish a new connection: [Errno 11001] getaddrinfo failed'))
2025-05-12 02:37:08,828 - scraper.core.scraper - ERROR - Error fetching page https://onejav.com /torrent/fc2ppv4681435: HTTPSConnectionPool(host='onejav.com%20', port=443): Max retries exceeded with url: /torrent/fc2ppv4681435 (Caused by NewConnectionError('<urllib3.connection.HTTPSConnection object at 0x0000022DCB387750>: Failed to establish a new connection: [Errno 11001] getaddrinfo failed'))
2025-05-12 02:37:08,830 - scraper.core.scraper - ERROR - Error fetching page https://onejav.com /torrent/fc2ppv4681465: HTTPSConnectionPool(host='onejav.com%20', port=443): Max retries exceeded with url: /torrent/fc2ppv4681465 (Caused by NewConnectionError('<urllib3.connection.HTTPSConnection object at 0x0000022DCB387250>: Failed to establish a new connection: [Errno 11001] getaddrinfo failed'))
2025-05-12 02:37:08,832 - scraper.core.scraper - ERROR - Error fetching page https://onejav.com /torrent/fc2ppv4677406: HTTPSConnectionPool(host='onejav.com%20', port=443): Max retries exceeded with url: /torrent/fc2ppv4677406 (Caused by NewConnectionError('<urllib3.connection.HTTPSConnection object at 0x0000022DCB387110>: Failed to establish a new connection: [Errno 11001] getaddrinfo failed'))
2025-05-12 02:37:08,835 - scraper.core.scraper - ERROR - Error fetching page https://onejav.com /torrent/fc2ppv4681433: HTTPSConnectionPool(host='onejav.com%20', port=443): Max retries exceeded with url: /torrent/fc2ppv4681433 (Caused by NewConnectionError('<urllib3.connection.HTTPSConnection object at 0x0000022DCB3879D0>: Failed to establish a new connection: [Errno 11001] getaddrinfo failed'))
2025-05-12 02:37:08,837 - scraper.core.scraper - ERROR - Error fetching page https://onejav.com /torrent/fc2ppv4679048: HTTPSConnectionPool(host='onejav.com%20', port=443): Max retries exceeded with url: /torrent/fc2ppv4679048 (Caused by NewConnectionError('<urllib3.connection.HTTPSConnection object at 0x0000022DCB387750>: Failed to establish a new connection: [Errno 11001] getaddrinfo failed'))
2025-05-12 02:37:08,839 - scraper.core.scraper - ERROR - Error fetching page https://onejav.com /torrent/fc2ppv4681429: HTTPSConnectionPool(host='onejav.com%20', port=443): Max retries exceeded with url: /torrent/fc2ppv4681429 (Caused by NewConnectionError('<urllib3.connection.HTTPSConnection object at 0x0000022DCB387250>: Failed to establish a new connection: [Errno 11001] getaddrinfo failed'))
2025-05-12 02:37:08,840 - scraper.core.scraper - ERROR - Error fetching page https://onejav.com /torrent/fc2ppv4682614: HTTPSConnectionPool(host='onejav.com%20', port=443): Max retries exceeded with url: /torrent/fc2ppv4682614 (Caused by NewConnectionError('<urllib3.connection.HTTPSConnection object at 0x0000022DCB387110>: Failed to establish a new connection: [Errno 11001] getaddrinfo failed'))
2025-05-12 02:37:08,841 - scraper.core.scraper - ERROR - Error fetching page https://onejav.com /torrent/fc2ppv4680866_2: HTTPSConnectionPool(host='onejav.com%20', port=443): Max retries exceeded with url: /torrent/fc2ppv4680866_2 (Caused by NewConnectionError('<urllib3.connection.HTTPSConnection object at 0x0000022DCB3879D0>: Failed to establish a new connection: [Errno 11001] getaddrinfo failed'))
2025-05-12 02:37:08,843 - scraper.core.scraper - ERROR - Error fetching page https://onejav.com /torrent/fc2ppv4673294: HTTPSConnectionPool(host='onejav.com%20', port=443): Max retries exceeded with url: /torrent/fc2ppv4673294 (Caused by NewConnectionError('<urllib3.connection.HTTPSConnection object at 0x0000022DCB387250>: Failed to establish a new connection: [Errno 11001] getaddrinfo failed'))
2025-05-12 02:37:08,845 - scraper.core.scraper - ERROR - Error fetching page https://onejav.com /torrent/fc2ppv4682621: HTTPSConnectionPool(host='onejav.com%20', port=443): Max retries exceeded with url: /torrent/fc2ppv4682621 (Caused by NewConnectionError('<urllib3.connection.HTTPSConnection object at 0x0000022DCB387750>: Failed to establish a new connection: [Errno 11001] getaddrinfo failed'))
2025-05-12 02:37:08,846 - scraper.core.scraper - ERROR - Error fetching page https://onejav.com /torrent/abf226: HTTPSConnectionPool(host='onejav.com%20', port=443): Max retries exceeded with url: /torrent/abf226 (Caused by NewConnectionError('<urllib3.connection.HTTPSConnection object at 0x0000022DCB387110>: Failed to establish a new connection: [Errno 11001] getaddrinfo failed'))
2025-05-12 02:37:08,848 - scraper.core.scraper - ERROR - Error fetching page https://onejav.com /torrent/abf228: HTTPSConnectionPool(host='onejav.com%20', port=443): Max retries exceeded with url: /torrent/abf228 (Caused by NewConnectionError('<urllib3.connection.HTTPSConnection object at 0x0000022DCB3879D0>: Failed to establish a new connection: [Errno 11001] getaddrinfo failed'))
2025-05-12 02:37:08,850 - scraper.core.scraper - ERROR - Error fetching page https://onejav.com /torrent/259luxu1836: HTTPSConnectionPool(host='onejav.com%20', port=443): Max retries exceeded with url: /torrent/259luxu1836 (Caused by NewConnectionError('<urllib3.connection.HTTPSConnection object at 0x0000022DCB387250>: Failed to establish a new connection: [Errno 11001] getaddrinfo failed'))
2025-05-12 02:37:08,852 - scraper.core.scraper - ERROR - Error fetching page https://onejav.com /torrent/abf227: HTTPSConnectionPool(host='onejav.com%20', port=443): Max retries exceeded with url: /torrent/abf227 (Caused by NewConnectionError('<urllib3.connection.HTTPSConnection object at 0x0000022DCB387750>: Failed to establish a new connection: [Errno 11001] getaddrinfo failed'))
2025-05-12 02:37:08,854 - scraper.core.scraper - ERROR - Error fetching page https://onejav.com /torrent/milk243: HTTPSConnectionPool(host='onejav.com%20', port=443): Max retries exceeded with url: /torrent/milk243 (Caused by NewConnectionError('<urllib3.connection.HTTPSConnection object at 0x0000022DCB387110>: Failed to establish a new connection: [Errno 11001] getaddrinfo failed'))
2025-05-12 02:37:08,856 - scraper.core.scraper - ERROR - Error fetching page https://onejav.com /torrent/420erk076: HTTPSConnectionPool(host='onejav.com%20', port=443): Max retries exceeded with url: /torrent/420erk076 (Caused by NewConnectionError('<urllib3.connection.HTTPSConnection object at 0x0000022DCB3879D0>: Failed to establish a new connection: [Errno 11001] getaddrinfo failed'))
2025-05-12 02:37:08,858 - scraper.core.scraper - ERROR - Error fetching page https://onejav.com /torrent/420sth099: HTTPSConnectionPool(host='onejav.com%20', port=443): Max retries exceeded with url: /torrent/420sth099 (Caused by NewConnectionError('<urllib3.connection.HTTPSConnection object at 0x0000022DCB387250>: Failed to establish a new connection: [Errno 11001] getaddrinfo failed'))
2025-05-12 02:37:08,860 - scraper.core.scraper - ERROR - Error fetching page https://onejav.com /torrent/milk244: HTTPSConnectionPool(host='onejav.com%20', port=443): Max retries exceeded with url: /torrent/milk244 (Caused by NewConnectionError('<urllib3.connection.HTTPSConnection object at 0x0000022DCB387750>: Failed to establish a new connection: [Errno 11001] getaddrinfo failed'))
2025-05-12 02:37:08,862 - scraper.core.scraper - ERROR - Error fetching page https://onejav.com /torrent/stsk172: HTTPSConnectionPool(host='onejav.com%20', port=443): Max retries exceeded with url: /torrent/stsk172 (Caused by NewConnectionError('<urllib3.connection.HTTPSConnection object at 0x0000022DCB387110>: Failed to establish a new connection: [Errno 11001] getaddrinfo failed'))
2025-05-12 02:37:08,864 - scraper.core.scraper - ERROR - Error fetching page https://onejav.com /torrent/stsk171: HTTPSConnectionPool(host='onejav.com%20', port=443): Max retries exceeded with url: /torrent/stsk171 (Caused by NewConnectionError('<urllib3.connection.HTTPSConnection object at 0x0000022DCB3879D0>: Failed to establish a new connection: [Errno 11001] getaddrinfo failed'))
2025-05-12 02:37:08,867 - scraper.core.scraper - ERROR - Error fetching page https://onejav.com /torrent/fc2ppv4681259: HTTPSConnectionPool(host='onejav.com%20', port=443): Max retries exceeded with url: /torrent/fc2ppv4681259 (Caused by NewConnectionError('<urllib3.connection.HTTPSConnection object at 0x0000022DCB387250>: Failed to establish a new connection: [Errno 11001] getaddrinfo failed'))
2025-05-12 02:37:08,869 - scraper.core.scraper - ERROR - Error fetching page https://onejav.com /torrent/fc2ppv4678406: HTTPSConnectionPool(host='onejav.com%20', port=443): Max retries exceeded with url: /torrent/fc2ppv4678406 (Caused by NewConnectionError('<urllib3.connection.HTTPSConnection object at 0x0000022DCB387750>: Failed to establish a new connection: [Errno 11001] getaddrinfo failed'))
2025-05-12 02:37:08,871 - scraper.core.scraper - ERROR - Error fetching page https://onejav.com /torrent/fc2ppv4680804: HTTPSConnectionPool(host='onejav.com%20', port=443): Max retries exceeded with url: /torrent/fc2ppv4680804 (Caused by NewConnectionError('<urllib3.connection.HTTPSConnection object at 0x0000022DCB387110>: Failed to establish a new connection: [Errno 11001] getaddrinfo failed'))
2025-05-12 02:37:08,873 - scraper.core.scraper - ERROR - Error fetching page https://onejav.com /torrent/fc2ppv4680774: HTTPSConnectionPool(host='onejav.com%20', port=443): Max retries exceeded with url: /torrent/fc2ppv4680774 (Caused by NewConnectionError('<urllib3.connection.HTTPSConnection object at 0x0000022DCB3879D0>: Failed to establish a new connection: [Errno 11001] getaddrinfo failed'))
2025-05-12 02:37:08,875 - scraper.core.scraper - ERROR - Error fetching page https://onejav.com /torrent/fc2ppv4680866: HTTPSConnectionPool(host='onejav.com%20', port=443): Max retries exceeded with url: /torrent/fc2ppv4680866 (Caused by NewConnectionError('<urllib3.connection.HTTPSConnection object at 0x0000022DCB387250>: Failed to establish a new connection: [Errno 11001] getaddrinfo failed'))
2025-05-12 02:37:08,876 - scraper.core.scraper - ERROR - Error fetching page https://onejav.com /torrent/fc2ppv4679305: HTTPSConnectionPool(host='onejav.com%20', port=443): Max retries exceeded with url: /torrent/fc2ppv4679305 (Caused by NewConnectionError('<urllib3.connection.HTTPSConnection object at 0x0000022DCB387750>: Failed to establish a new connection: [Errno 11001] getaddrinfo failed'))
2025-05-12 02:37:08,878 - scraper.core.scraper - ERROR - Error fetching page https://onejav.com /torrent/fc2ppv4681349: HTTPSConnectionPool(host='onejav.com%20', port=443): Max retries exceeded with url: /torrent/fc2ppv4681349 (Caused by NewConnectionError('<urllib3.connection.HTTPSConnection object at 0x0000022DCB387110>: Failed to establish a new connection: [Errno 11001] getaddrinfo failed'))
2025-05-12 02:37:08,879 - scraper.core.scraper - ERROR - Error fetching page https://onejav.com /torrent/fc2ppv4670565: HTTPSConnectionPool(host='onejav.com%20', port=443): Max retries exceeded with url: /torrent/fc2ppv4670565 (Caused by NewConnectionError('<urllib3.connection.HTTPSConnection object at 0x0000022DCB3879D0>: Failed to establish a new connection: [Errno 11001] getaddrinfo failed'))
2025-05-12 02:37:08,881 - scraper.core.scraper - ERROR - Error fetching page https://onejav.com /torrent/fc2ppv4667998: HTTPSConnectionPool(host='onejav.com%20', port=443): Max retries exceeded with url: /torrent/fc2ppv4667998 (Caused by NewConnectionError('<urllib3.connection.HTTPSConnection object at 0x0000022DCB387250>: Failed to establish a new connection: [Errno 11001] getaddrinfo failed'))
2025-05-12 02:37:08,882 - scraper.core.scraper - ERROR - Error fetching page https://onejav.com /torrent/fc2ppv4680550: HTTPSConnectionPool(host='onejav.com%20', port=443): Max retries exceeded with url: /torrent/fc2ppv4680550 (Caused by NewConnectionError('<urllib3.connection.HTTPSConnection object at 0x0000022DCB387750>: Failed to establish a new connection: [Errno 11001] getaddrinfo failed'))
2025-05-12 02:37:08,884 - scraper.core.scraper - ERROR - Error fetching page https://onejav.com /torrent/siro5457: HTTPSConnectionPool(host='onejav.com%20', port=443): Max retries exceeded with url: /torrent/siro5457 (Caused by NewConnectionError('<urllib3.connection.HTTPSConnection object at 0x0000022DCB387110>: Failed to establish a new connection: [Errno 11001] getaddrinfo failed'))
2025-05-12 02:37:08,886 - scraper.core.scraper - ERROR - Error fetching page https://onejav.com /torrent/200gana3212: HTTPSConnectionPool(host='onejav.com%20', port=443): Max retries exceeded with url: /torrent/200gana3212 (Caused by NewConnectionError('<urllib3.connection.HTTPSConnection object at 0x0000022DCB3879D0>: Failed to establish a new connection: [Errno 11001] getaddrinfo failed'))
2025-05-12 02:37:08,888 - scraper.core.scraper - ERROR - Error fetching page https://onejav.com /torrent/546erofv314: HTTPSConnectionPool(host='onejav.com%20', port=443): Max retries exceeded with url: /torrent/546erofv314 (Caused by NewConnectionError('<urllib3.connection.HTTPSConnection object at 0x0000022DCB387250>: Failed to establish a new connection: [Errno 11001] getaddrinfo failed'))
2025-05-12 02:37:08,889 - scraper.core.scraper - ERROR - Error fetching page https://onejav.com /torrent/326mgk014: HTTPSConnectionPool(host='onejav.com%20', port=443): Max retries exceeded with url: /torrent/326mgk014 (Caused by NewConnectionError('<urllib3.connection.HTTPSConnection object at 0x0000022DCB387750>: Failed to establish a new connection: [Errno 11001] getaddrinfo failed'))
2025-05-12 02:37:08,891 - scraper.core.scraper - ERROR - Error fetching page https://onejav.com /torrent/420hhl115: HTTPSConnectionPool(host='onejav.com%20', port=443): Max retries exceeded with url: /torrent/420hhl115 (Caused by NewConnectionError('<urllib3.connection.HTTPSConnection object at 0x0000022DCB387110>: Failed to establish a new connection: [Errno 11001] getaddrinfo failed'))
2025-05-12 02:37:08,892 - scraper.core.scraper - ERROR - Error fetching page https://onejav.com /torrent/420sth098: HTTPSConnectionPool(host='onejav.com%20', port=443): Max retries exceeded with url: /torrent/420sth098 (Caused by NewConnectionError('<urllib3.connection.HTTPSConnection object at 0x0000022DCB3879D0>: Failed to establish a new connection: [Errno 11001] getaddrinfo failed'))
2025-05-12 02:37:08,894 - scraper.core.scraper - ERROR - Error fetching page https://onejav.com /torrent/btha102: HTTPSConnectionPool(host='onejav.com%20', port=443): Max retries exceeded with url: /torrent/btha102 (Caused by NewConnectionError('<urllib3.connection.HTTPSConnection object at 0x0000022DCB387250>: Failed to establish a new connection: [Errno 11001] getaddrinfo failed'))
2025-05-12 02:37:08,896 - scraper.core.scraper - ERROR - Error fetching page https://onejav.com /torrent/fc2ppv4680756: HTTPSConnectionPool(host='onejav.com%20', port=443): Max retries exceeded with url: /torrent/fc2ppv4680756 (Caused by NewConnectionError('<urllib3.connection.HTTPSConnection object at 0x0000022DCB387750>: Failed to establish a new connection: [Errno 11001] getaddrinfo failed'))
2025-05-12 02:37:08,897 - scraper.core.scraper - ERROR - Error fetching page https://onejav.com /torrent/fc2ppv4672556: HTTPSConnectionPool(host='onejav.com%20', port=443): Max retries exceeded with url: /torrent/fc2ppv4672556 (Caused by NewConnectionError('<urllib3.connection.HTTPSConnection object at 0x0000022DCB387110>: Failed to establish a new connection: [Errno 11001] getaddrinfo failed'))
2025-05-12 02:37:08,898 - scraper.core.scraper - ERROR - Error fetching page https://onejav.com /torrent/fc2ppv4680589: HTTPSConnectionPool(host='onejav.com%20', port=443): Max retries exceeded with url: /torrent/fc2ppv4680589 (Caused by NewConnectionError('<urllib3.connection.HTTPSConnection object at 0x0000022DCB3879D0>: Failed to establish a new connection: [Errno 11001] getaddrinfo failed'))
2025-05-12 02:37:08,900 - scraper.core.scraper - ERROR - Error fetching page https://onejav.com /torrent/fc2ppv4680768: HTTPSConnectionPool(host='onejav.com%20', port=443): Max retries exceeded with url: /torrent/fc2ppv4680768 (Caused by NewConnectionError('<urllib3.connection.HTTPSConnection object at 0x0000022DCB387250>: Failed to establish a new connection: [Errno 11001] getaddrinfo failed'))
2025-05-12 02:37:08,902 - scraper.core.scraper - ERROR - Error fetching page https://onejav.com /torrent/fc2ppv4673769: HTTPSConnectionPool(host='onejav.com%20', port=443): Max retries exceeded with url: /torrent/fc2ppv4673769 (Caused by NewConnectionError('<urllib3.connection.HTTPSConnection object at 0x0000022DCB387750>: Failed to establish a new connection: [Errno 11001] getaddrinfo failed'))
2025-05-12 02:37:08,904 - scraper.core.scraper - ERROR - Error fetching page https://onejav.com /torrent/fc2ppv4681206: HTTPSConnectionPool(host='onejav.com%20', port=443): Max retries exceeded with url: /torrent/fc2ppv4681206 (Caused by NewConnectionError('<urllib3.connection.HTTPSConnection object at 0x0000022DCB387110>: Failed to establish a new connection: [Errno 11001] getaddrinfo failed'))
2025-05-12 02:37:08,906 - scraper.core.scraper - ERROR - Error fetching page https://onejav.com /torrent/fc2ppv4673457: HTTPSConnectionPool(host='onejav.com%20', port=443): Max retries exceeded with url: /torrent/fc2ppv4673457 (Caused by NewConnectionError('<urllib3.connection.HTTPSConnection object at 0x0000022DCB3879D0>: Failed to establish a new connection: [Errno 11001] getaddrinfo failed'))
2025-05-12 02:37:08,907 - scraper.core.scraper - ERROR - Error fetching page https://onejav.com /torrent/fc2ppv4680843: HTTPSConnectionPool(host='onejav.com%20', port=443): Max retries exceeded with url: /torrent/fc2ppv4680843 (Caused by NewConnectionError('<urllib3.connection.HTTPSConnection object at 0x0000022DCB387250>: Failed to establish a new connection: [Errno 11001] getaddrinfo failed'))
2025-05-12 02:37:08,909 - scraper.core.scraper - ERROR - Error fetching page https://onejav.com /torrent/fc2ppv4681084: HTTPSConnectionPool(host='onejav.com%20', port=443): Max retries exceeded with url: /torrent/fc2ppv4681084 (Caused by NewConnectionError('<urllib3.connection.HTTPSConnection object at 0x0000022DCB387750>: Failed to establish a new connection: [Errno 11001] getaddrinfo failed'))
2025-05-12 02:37:08,910 - scraper.core.scraper - ERROR - Error fetching page https://onejav.com /torrent/fc2ppv4676867: HTTPSConnectionPool(host='onejav.com%20', port=443): Max retries exceeded with url: /torrent/fc2ppv4676867 (Caused by NewConnectionError('<urllib3.connection.HTTPSConnection object at 0x0000022DCB387110>: Failed to establish a new connection: [Errno 11001] getaddrinfo failed'))
2025-05-12 02:37:08,912 - scraper.core.scraper - ERROR - Error fetching page https://onejav.com /torrent/mida102: HTTPSConnectionPool(host='onejav.com%20', port=443): Max retries exceeded with url: /torrent/mida102 (Caused by NewConnectionError('<urllib3.connection.HTTPSConnection object at 0x0000022DCB3879D0>: Failed to establish a new connection: [Errno 11001] getaddrinfo failed'))
2025-05-12 02:37:08,913 - scraper.core.scraper - ERROR - Error fetching page https://onejav.com /torrent/mida136: HTTPSConnectionPool(host='onejav.com%20', port=443): Max retries exceeded with url: /torrent/mida136 (Caused by NewConnectionError('<urllib3.connection.HTTPSConnection object at 0x0000022DCB387250>: Failed to establish a new connection: [Errno 11001] getaddrinfo failed'))
2025-05-12 02:37:08,914 - scraper.core.scraper - ERROR - Error fetching page https://onejav.com /torrent/miab484: HTTPSConnectionPool(host='onejav.com%20', port=443): Max retries exceeded with url: /torrent/miab484 (Caused by NewConnectionError('<urllib3.connection.HTTPSConnection object at 0x0000022DCB387750>: Failed to establish a new connection: [Errno 11001] getaddrinfo failed'))
2025-05-12 02:37:08,917 - scraper.core.scraper - ERROR - Error fetching page https://onejav.com /torrent/mida106: HTTPSConnectionPool(host='onejav.com%20', port=443): Max retries exceeded with url: /torrent/mida106 (Caused by NewConnectionError('<urllib3.connection.HTTPSConnection object at 0x0000022DCB387110>: Failed to establish a new connection: [Errno 11001] getaddrinfo failed'))
2025-05-12 02:37:08,919 - scraper.core.scraper - ERROR - Error fetching page https://onejav.com /torrent/miab479: HTTPSConnectionPool(host='onejav.com%20', port=443): Max retries exceeded with url: /torrent/miab479 (Caused by NewConnectionError('<urllib3.connection.HTTPSConnection object at 0x0000022DCB3879D0>: Failed to establish a new connection: [Errno 11001] getaddrinfo failed'))
2025-05-12 02:37:08,921 - scraper.core.scraper - ERROR - Error fetching page https://onejav.com /torrent/326eva207: HTTPSConnectionPool(host='onejav.com%20', port=443): Max retries exceeded with url: /torrent/326eva207 (Caused by NewConnectionError('<urllib3.connection.HTTPSConnection object at 0x0000022DCB387250>: Failed to establish a new connection: [Errno 11001] getaddrinfo failed'))
2025-05-12 02:37:08,923 - scraper.core.scraper - ERROR - Error fetching page https://onejav.com /torrent/miab483: HTTPSConnectionPool(host='onejav.com%20', port=443): Max retries exceeded with url: /torrent/miab483 (Caused by NewConnectionError('<urllib3.connection.HTTPSConnection object at 0x0000022DCB387750>: Failed to establish a new connection: [Errno 11001] getaddrinfo failed'))
2025-05-12 02:37:08,924 - scraper.core.scraper - ERROR - Error fetching page https://onejav.com /torrent/mida137: HTTPSConnectionPool(host='onejav.com%20', port=443): Max retries exceeded with url: /torrent/mida137 (Caused by NewConnectionError('<urllib3.connection.HTTPSConnection object at 0x0000022DCB387110>: Failed to establish a new connection: [Errno 11001] getaddrinfo failed'))
2025-05-12 02:37:08,926 - scraper.core.scraper - ERROR - Error fetching page https://onejav.com /torrent/200gana3214: HTTPSConnectionPool(host='onejav.com%20', port=443): Max retries exceeded with url: /torrent/200gana3214 (Caused by NewConnectionError('<urllib3.connection.HTTPSConnection object at 0x0000022DCB3879D0>: Failed to establish a new connection: [Errno 11001] getaddrinfo failed'))
2025-05-12 02:37:08,927 - scraper.core.scraper - ERROR - Error fetching page https://onejav.com /torrent/420hoi345: HTTPSConnectionPool(host='onejav.com%20', port=443): Max retries exceeded with url: /torrent/420hoi345 (Caused by NewConnectionError('<urllib3.connection.HTTPSConnection object at 0x0000022DCB387250>: Failed to establish a new connection: [Errno 11001] getaddrinfo failed'))
2025-05-12 02:37:08,929 - scraper.core.scraper - ERROR - Error fetching page https://onejav.com /torrent/fc2ppv4680553: HTTPSConnectionPool(host='onejav.com%20', port=443): Max retries exceeded with url: /torrent/fc2ppv4680553 (Caused by NewConnectionError('<urllib3.connection.HTTPSConnection object at 0x0000022DCB387750>: Failed to establish a new connection: [Errno 11001] getaddrinfo failed'))
2025-05-12 02:37:08,930 - scraper.core.scraper - ERROR - Error fetching page https://onejav.com /torrent/fc2ppv4680562: HTTPSConnectionPool(host='onejav.com%20', port=443): Max retries exceeded with url: /torrent/fc2ppv4680562 (Caused by NewConnectionError('<urllib3.connection.HTTPSConnection object at 0x0000022DCB387110>: Failed to establish a new connection: [Errno 11001] getaddrinfo failed'))
2025-05-12 02:37:08,933 - scraper.core.scraper - ERROR - Error fetching page https://onejav.com /torrent/fc2ppv4490298: HTTPSConnectionPool(host='onejav.com%20', port=443): Max retries exceeded with url: /torrent/fc2ppv4490298 (Caused by NewConnectionError('<urllib3.connection.HTTPSConnection object at 0x0000022DCB3879D0>: Failed to establish a new connection: [Errno 11001] getaddrinfo failed'))
2025-05-12 02:37:08,934 - scraper.core.scraper - ERROR - Error fetching page https://onejav.com /torrent/fc2ppv4678679: HTTPSConnectionPool(host='onejav.com%20', port=443): Max retries exceeded with url: /torrent/fc2ppv4678679 (Caused by NewConnectionError('<urllib3.connection.HTTPSConnection object at 0x0000022DCB387250>: Failed to establish a new connection: [Errno 11001] getaddrinfo failed'))
2025-05-12 02:37:08,936 - scraper.core.scraper - ERROR - Error fetching page https://onejav.com /torrent/fc2ppv4680622: HTTPSConnectionPool(host='onejav.com%20', port=443): Max retries exceeded with url: /torrent/fc2ppv4680622 (Caused by NewConnectionError('<urllib3.connection.HTTPSConnection object at 0x0000022DCB387750>: Failed to establish a new connection: [Errno 11001] getaddrinfo failed'))
2025-05-12 02:37:08,938 - scraper.core.scraper - ERROR - Error fetching page https://onejav.com /torrent/fc2ppv4680275: HTTPSConnectionPool(host='onejav.com%20', port=443): Max retries exceeded with url: /torrent/fc2ppv4680275 (Caused by NewConnectionError('<urllib3.connection.HTTPSConnection object at 0x0000022DCB387110>: Failed to establish a new connection: [Errno 11001] getaddrinfo failed'))
2025-05-12 02:37:08,940 - scraper.core.scraper - ERROR - Error fetching page https://onejav.com /torrent/fc2ppv4680424: HTTPSConnectionPool(host='onejav.com%20', port=443): Max retries exceeded with url: /torrent/fc2ppv4680424 (Caused by NewConnectionError('<urllib3.connection.HTTPSConnection object at 0x0000022DCB3879D0>: Failed to establish a new connection: [Errno 11001] getaddrinfo failed'))
2025-05-12 02:37:08,941 - scraper.core.scraper - ERROR - Error fetching page https://onejav.com /torrent/fc2ppv4680591: HTTPSConnectionPool(host='onejav.com%20', port=443): Max retries exceeded with url: /torrent/fc2ppv4680591 (Caused by NewConnectionError('<urllib3.connection.HTTPSConnection object at 0x0000022DCB387250>: Failed to establish a new connection: [Errno 11001] getaddrinfo failed'))
2025-05-12 02:37:08,942 - scraper.core.scraper - ERROR - Error fetching page https://onejav.com /torrent/fc2ppv4466491: HTTPSConnectionPool(host='onejav.com%20', port=443): Max retries exceeded with url: /torrent/fc2ppv4466491 (Caused by NewConnectionError('<urllib3.connection.HTTPSConnection object at 0x0000022DCB387750>: Failed to establish a new connection: [Errno 11001] getaddrinfo failed'))
2025-05-12 02:37:08,944 - scraper.core.scraper - ERROR - Error fetching page https://onejav.com /torrent/fc2ppv4678311: HTTPSConnectionPool(host='onejav.com%20', port=443): Max retries exceeded with url: /torrent/fc2ppv4678311 (Caused by NewConnectionError('<urllib3.connection.HTTPSConnection object at 0x0000022DCB387110>: Failed to establish a new connection: [Errno 11001] getaddrinfo failed'))
2025-05-12 02:37:08,945 - scraper.core.scraper - ERROR - Error fetching page https://onejav.com /torrent/300mium1186: HTTPSConnectionPool(host='onejav.com%20', port=443): Max retries exceeded with url: /torrent/300mium1186 (Caused by NewConnectionError('<urllib3.connection.HTTPSConnection object at 0x0000022DCB3879D0>: Failed to establish a new connection: [Errno 11001] getaddrinfo failed'))
2025-05-12 02:37:08,946 - scraper.core.scraper - ERROR - Error fetching page https://onejav.com /torrent/siro5448: HTTPSConnectionPool(host='onejav.com%20', port=443): Max retries exceeded with url: /torrent/siro5448 (Caused by NewConnectionError('<urllib3.connection.HTTPSConnection object at 0x0000022DCB387250>: Failed to establish a new connection: [Errno 11001] getaddrinfo failed'))
2025-05-12 02:37:08,947 - scraper.core.scraper - ERROR - Error fetching page https://onejav.com /torrent/nacr948: HTTPSConnectionPool(host='onejav.com%20', port=443): Max retries exceeded with url: /torrent/nacr948 (Caused by NewConnectionError('<urllib3.connection.HTTPSConnection object at 0x0000022DCB387750>: Failed to establish a new connection: [Errno 11001] getaddrinfo failed'))
2025-05-12 02:37:08,950 - scraper.core.scraper - ERROR - Error fetching page https://onejav.com /torrent/326eva206: HTTPSConnectionPool(host='onejav.com%20', port=443): Max retries exceeded with url: /torrent/326eva206 (Caused by NewConnectionError('<urllib3.connection.HTTPSConnection object at 0x0000022DCB387110>: Failed to establish a new connection: [Errno 11001] getaddrinfo failed'))
2025-05-12 02:37:08,952 - scraper.core.scraper - ERROR - Error fetching page https://onejav.com /torrent/328hmdnv811: HTTPSConnectionPool(host='onejav.com%20', port=443): Max retries exceeded with url: /torrent/328hmdnv811 (Caused by NewConnectionError('<urllib3.connection.HTTPSConnection object at 0x0000022DCB3879D0>: Failed to establish a new connection: [Errno 11001] getaddrinfo failed'))
2025-05-12 02:37:08,954 - scraper.core.scraper - ERROR - Error fetching page https://onejav.com /torrent/nacr951: HTTPSConnectionPool(host='onejav.com%20', port=443): Max retries exceeded with url: /torrent/nacr951 (Caused by NewConnectionError('<urllib3.connection.HTTPSConnection object at 0x0000022DCB387250>: Failed to establish a new connection: [Errno 11001] getaddrinfo failed'))
2025-05-12 02:37:08,956 - scraper.core.scraper - ERROR - Error fetching page https://onejav.com /torrent/420hoi344: HTTPSConnectionPool(host='onejav.com%20', port=443): Max retries exceeded with url: /torrent/420hoi344 (Caused by NewConnectionError('<urllib3.connection.HTTPSConnection object at 0x0000022DCB387750>: Failed to establish a new connection: [Errno 11001] getaddrinfo failed'))
2025-05-12 02:37:08,957 - scraper.core.scraper - ERROR - Error fetching page https://onejav.com /torrent/nacr953: HTTPSConnectionPool(host='onejav.com%20', port=443): Max retries exceeded with url: /torrent/nacr953 (Caused by NewConnectionError('<urllib3.connection.HTTPSConnection object at 0x0000022DCB387110>: Failed to establish a new connection: [Errno 11001] getaddrinfo failed'))
2025-05-12 02:37:08,959 - scraper.core.scraper - ERROR - Error fetching page https://onejav.com /torrent/zmar135: HTTPSConnectionPool(host='onejav.com%20', port=443): Max retries exceeded with url: /torrent/zmar135 (Caused by NewConnectionError('<urllib3.connection.HTTPSConnection object at 0x0000022DCB3879D0>: Failed to establish a new connection: [Errno 11001] getaddrinfo failed'))
2025-05-12 02:37:08,960 - scraper.core.scraper - ERROR - Error fetching page https://onejav.com /torrent/nacr950: HTTPSConnectionPool(host='onejav.com%20', port=443): Max retries exceeded with url: /torrent/nacr950 (Caused by NewConnectionError('<urllib3.connection.HTTPSConnection object at 0x0000022DCB387250>: Failed to establish a new connection: [Errno 11001] getaddrinfo failed'))
2025-05-12 02:37:08,962 - scraper.core.scraper - ERROR - Error fetching page https://onejav.com /torrent/fc2ppv4680339: HTTPSConnectionPool(host='onejav.com%20', port=443): Max retries exceeded with url: /torrent/fc2ppv4680339 (Caused by NewConnectionError('<urllib3.connection.HTTPSConnection object at 0x0000022DCB387750>: Failed to establish a new connection: [Errno 11001] getaddrinfo failed'))
2025-05-12 02:37:08,964 - scraper.core.scraper - ERROR - Error fetching page https://onejav.com /torrent/fc2ppv4679198: HTTPSConnectionPool(host='onejav.com%20', port=443): Max retries exceeded with url: /torrent/fc2ppv4679198 (Caused by NewConnectionError('<urllib3.connection.HTTPSConnection object at 0x0000022DCB387110>: Failed to establish a new connection: [Errno 11001] getaddrinfo failed'))
2025-05-12 02:37:08,967 - scraper.core.scraper - ERROR - Error fetching page https://onejav.com /torrent/fc2ppv4680005: HTTPSConnectionPool(host='onejav.com%20', port=443): Max retries exceeded with url: /torrent/fc2ppv4680005 (Caused by NewConnectionError('<urllib3.connection.HTTPSConnection object at 0x0000022DCB3879D0>: Failed to establish a new connection: [Errno 11001] getaddrinfo failed'))
2025-05-12 02:37:08,969 - scraper.core.scraper - ERROR - Error fetching page https://onejav.com /torrent/fc2ppv4680249: HTTPSConnectionPool(host='onejav.com%20', port=443): Max retries exceeded with url: /torrent/fc2ppv4680249 (Caused by NewConnectionError('<urllib3.connection.HTTPSConnection object at 0x0000022DCB387250>: Failed to establish a new connection: [Errno 11001] getaddrinfo failed'))
2025-05-12 02:37:08,971 - scraper.core.scraper - ERROR - Error fetching page https://onejav.com /torrent/fc2ppv4679986: HTTPSConnectionPool(host='onejav.com%20', port=443): Max retries exceeded with url: /torrent/fc2ppv4679986 (Caused by NewConnectionError('<urllib3.connection.HTTPSConnection object at 0x0000022DCB387750>: Failed to establish a new connection: [Errno 11001] getaddrinfo failed'))
2025-05-12 02:37:08,973 - scraper.core.scraper - ERROR - Error fetching page https://onejav.com /torrent/fc2ppv4678708: HTTPSConnectionPool(host='onejav.com%20', port=443): Max retries exceeded with url: /torrent/fc2ppv4678708 (Caused by NewConnectionError('<urllib3.connection.HTTPSConnection object at 0x0000022DCB387110>: Failed to establish a new connection: [Errno 11001] getaddrinfo failed'))
2025-05-12 02:37:08,974 - scraper.core.scraper - ERROR - Error fetching page https://onejav.com /torrent/fc2ppv4679457: HTTPSConnectionPool(host='onejav.com%20', port=443): Max retries exceeded with url: /torrent/fc2ppv4679457 (Caused by NewConnectionError('<urllib3.connection.HTTPSConnection object at 0x0000022DCB3879D0>: Failed to establish a new connection: [Errno 11001] getaddrinfo failed'))
2025-05-12 02:37:08,976 - scraper.core.scraper - ERROR - Error fetching page https://onejav.com /torrent/fc2ppv4669377: HTTPSConnectionPool(host='onejav.com%20', port=443): Max retries exceeded with url: /torrent/fc2ppv4669377 (Caused by NewConnectionError('<urllib3.connection.HTTPSConnection object at 0x0000022DCB387250>: Failed to establish a new connection: [Errno 11001] getaddrinfo failed'))
2025-05-12 02:37:08,977 - scraper.core.scraper - ERROR - Error fetching page https://onejav.com /torrent/fc2ppv4678711: HTTPSConnectionPool(host='onejav.com%20', port=443): Max retries exceeded with url: /torrent/fc2ppv4678711 (Caused by NewConnectionError('<urllib3.connection.HTTPSConnection object at 0x0000022DCB387750>: Failed to establish a new connection: [Errno 11001] getaddrinfo failed'))
2025-05-12 02:37:08,979 - scraper.core.scraper - ERROR - Error fetching page https://onejav.com /torrent/fc2ppv4678896: HTTPSConnectionPool(host='onejav.com%20', port=443): Max retries exceeded with url: /torrent/fc2ppv4678896 (Caused by NewConnectionError('<urllib3.connection.HTTPSConnection object at 0x0000022DCB387110>: Failed to establish a new connection: [Errno 11001] getaddrinfo failed'))
